# JRE version: OpenJDK Runtime Environment (16.0.1+9) (build 16.0.1+9-24)
# Java VM: OpenJDK 64-Bit Server VM (16.0.1+9-24, mixed mode, tiered, compressed oops, compressed class ptrs, g1 gc, windows-amd64)
GC Precious Log:
 CPUs: 4 total, 4 available
 Memory: 4003M
 Large Page Support: Disabled
 NUMA Support: Disabled
 Compressed Oops: Enabled (32-bit)
 Heap Region Size: 1M
 Heap Min Capacity: 8M
 Heap Initial Capacity: 64M
 Heap Max Capacity: 1002M
 Pre-touch: Disabled
 Parallel Workers: 4
 Concurrent Workers: 1
 Concurrent Refinement Workers: 4
 Periodic GC: Disabled
Heap:
 garbage-first heap   total 37888K, used 21597K [0x00000000c1600000, 0x0000000100000000)
  region size 1024K, 10 young (10240K), 1 survivors (1024K)
 Metaspace       used 31764K, committed 32064K, reserved 1081344K
  class space    used 3603K, committed 3776K, reserved 1048576K
GC Heap History (12 events):
Event: 0.402 GC heap before
{Heap before GC invocations=0 (full 0):
 garbage-first heap   total 65536K, used 14336K [0x00000000c1600000, 0x0000000100000000)
  region size 1024K, 13 young (13312K), 0 survivors (0K)
 Metaspace       used 7934K, committed 8000K, reserved 1056768K
  class space    used 684K, committed 704K, reserved 1048576K
}
Event: 0.405 GC heap after
{Heap after GC invocations=1 (full 0):
 garbage-first heap   total 65536K, used 5324K [0x00000000c1600000, 0x0000000100000000)
  region size 1024K, 2 young (2048K), 2 survivors (2048K)
 Metaspace       used 7934K, committed 8000K, reserved 1056768K
  class space    used 684K, committed 704K, reserved 1048576K
}
Event: 0.965 GC heap before
{Heap before GC invocations=1 (full 0):
 garbage-first heap   total 65536K, used 19660K [0x00000000c1600000, 0x0000000100000000)
  region size 1024K, 16 young (16384K), 2 survivors (2048K)
 Metaspace       used 14623K, committed 14784K, reserved 1064960K
  class space    used 1414K, committed 1472K, reserved 1048576K
}
Event: 0.969 GC heap after
{Heap after GC invocations=2 (full 0):
 garbage-first heap   total 65536K, used 6766K [0x00000000c1600000, 0x0000000100000000)
  region size 1024K, 2 young (2048K), 2 survivors (2048K)
 Metaspace       used 14623K, committed 14784K, reserved 1064960K
  class space    used 1414K, committed 1472K, reserved 1048576K
}
Event: 1.614 GC heap before
{Heap before GC invocations=2 (full 0):
 garbage-first heap   total 65536K, used 28270K [0x00000000c1600000, 0x0000000100000000)
  region size 1024K, 24 young (24576K), 2 survivors (2048K)
 Metaspace       used 21106K, committed 21248K, reserved 1073152K
  class space    used 2153K, committed 2240K, reserved 1048576K
}
Event: 1.623 GC heap after
{Heap after GC invocations=3 (full 0):
 garbage-first heap   total 65536K, used 9771K [0x00000000c1600000, 0x0000000100000000)
  region size 1024K, 4 young (4096K), 4 survivors (4096K)
 Metaspace       used 21106K, committed 21248K, reserved 1073152K
  class space    used 2153K, committed 2240K, reserved 1048576K
}
Event: 2.157 GC heap before
{Heap before GC invocations=4 (full 0):
 garbage-first heap   total 37888K, used 28203K [0x00000000c1600000, 0x0000000100000000)
  region size 1024K, 22 young (22528K), 4 survivors (4096K)
 Metaspace       used 26388K, committed 26624K, reserved 1073152K
  class space    used 2772K, committed 2880K, reserved 1048576K
}
Event: 2.166 GC heap after
{Heap after GC invocations=5 (full 0):
 garbage-first heap   total 37888K, used 12348K [0x00000000c1600000, 0x0000000100000000)
  region size 1024K, 3 young (3072K), 3 survivors (3072K)
 Metaspace       used 26388K, committed 26624K, reserved 1073152K
  class space    used 2772K, committed 2880K, reserved 1048576K
}
Event: 2.935 GC heap before
{Heap before GC invocations=5 (full 0):
 garbage-first heap   total 37888K, used 24636K [0x00000000c1600000, 0x0000000100000000)
  region size 1024K, 15 young (15360K), 3 survivors (3072K)
 Metaspace       used 28828K, committed 29120K, reserved 1081344K
  class space    used 3177K, committed 3328K, reserved 1048576K
}
Event: 2.940 GC heap after
{Heap after GC invocations=6 (full 0):
 garbage-first heap   total 37888K, used 13779K [0x00000000c1600000, 0x0000000100000000)
  region size 1024K, 2 young (2048K), 2 survivors (2048K)
 Metaspace       used 28828K, committed 29120K, reserved 1081344K
  class space    used 3177K, committed 3328K, reserved 1048576K
}
Event: 9.036 GC heap before
{Heap before GC invocations=6 (full 0):
 garbage-first heap   total 37888K, used 24019K [0x00000000c1600000, 0x0000000100000000)
  region size 1024K, 13 young (13312K), 2 survivors (2048K)
 Metaspace       used 31077K, committed 31296K, reserved 1081344K
  class space    used 3525K, committed 3648K, reserved 1048576K
}
Event: 9.042 GC heap after
{Heap after GC invocations=7 (full 0):
 garbage-first heap   total 37888K, used 14429K [0x00000000c1600000, 0x0000000100000000)
  region size 1024K, 1 young (1024K), 1 survivors (1024K)
 Metaspace       used 31077K, committed 31296K, reserved 1081344K
  class space    used 3525K, committed 3648K, reserved 1048576K
}

