<?xml version="1.0" encoding="UTF-8"?>
<!-- Generated by org.testng.reporters.JUnitXMLReporter -->
<testsuite ignored="14" hostname="Mypc-PC" failures="0" tests="8" name="chrome" time="246.453" errors="0" timestamp="2022-05-20T15:16:05 IST">
  <testcase classname="com.vtiger.contactTest.CreateContactWithorgTest" name="createContactWithorgTest" time="23.394"/>
  <testcase classname="com.vtiger.productTest.CreatProductTest" name="creatProductTest" time="10.986"/>
  <testcase classname="com.vtiger.campaignTest.CreateCampaignTest" name="createCampaignTest" time="8.714"/>
  <testcase classname="com.vtiger.campaignTest.CreateCampaignwithProductTest" name="fetchDataFromPropertiesMoreCampaign" time="19.589"/>
  <testcase classname="com.vtiger.contactTest.CreateContactTest" name="createContactTest" time="12.02"/>
  <testcase classname="com.vtiger.documentTest.CreateDocumentTest" name="createDocumentTest" time="11.052"/>
  <testcase classname="com.vtiger.organizationTest.CreateOrganizationTest" name="createorganizationTest" time="9.118"/>
  <testcase classname="com.vtiger.organizationTest.CreateOrganizationWithIndustry" name="createorganizationwithIndustry" time="8.87"/>
  <testcase classname="com.sdet32l1.genericcentre.Baseclass" name="@AfterSuite aftersuite" time="0.0">
    <ignored/>
  </testcase> <!-- @AfterSuite aftersuite -->
  <testcase classname="com.sdet32l1.genericcentre.Baseclass" name="@AfterSuite aftersuite" time="0.0">
    <ignored/>
  </testcase> <!-- @AfterSuite aftersuite -->
  <testcase classname="com.sdet32l1.genericcentre.Baseclass" name="@AfterSuite aftersuite" time="0.0">
    <ignored/>
  </testcase> <!-- @AfterSuite aftersuite -->
  <testcase classname="com.sdet32l1.genericcentre.Baseclass" name="@AfterSuite aftersuite" time="0.0">
    <ignored/>
  </testcase> <!-- @AfterSuite aftersuite -->
  <testcase classname="com.sdet32l1.genericcentre.Baseclass" name="@AfterSuite aftersuite" time="0.0">
    <ignored/>
  </testcase> <!-- @AfterSuite aftersuite -->
  <testcase classname="com.sdet32l1.genericcentre.Baseclass" name="@AfterSuite aftersuite" time="0.0">
    <ignored/>
  </testcase> <!-- @AfterSuite aftersuite -->
  <testcase classname="com.sdet32l1.genericcentre.Baseclass" name="@AfterSuite aftersuite" time="0.0">
    <ignored/>
  </testcase> <!-- @AfterSuite aftersuite -->
  <testcase classname="com.sdet32l1.genericcentre.Baseclass" name="@BeforeSuite beforesuite" time="0.0">
    <ignored/>
  </testcase> <!-- @BeforeSuite beforesuite -->
  <testcase classname="com.sdet32l1.genericcentre.Baseclass" name="@BeforeSuite beforesuite" time="0.0">
    <ignored/>
  </testcase> <!-- @BeforeSuite beforesuite -->
  <testcase classname="com.sdet32l1.genericcentre.Baseclass" name="@BeforeSuite beforesuite" time="0.0">
    <ignored/>
  </testcase> <!-- @BeforeSuite beforesuite -->
  <testcase classname="com.sdet32l1.genericcentre.Baseclass" name="@BeforeSuite beforesuite" time="0.0">
    <ignored/>
  </testcase> <!-- @BeforeSuite beforesuite -->
  <testcase classname="com.sdet32l1.genericcentre.Baseclass" name="@BeforeSuite beforesuite" time="0.0">
    <ignored/>
  </testcase> <!-- @BeforeSuite beforesuite -->
  <testcase classname="com.sdet32l1.genericcentre.Baseclass" name="@BeforeSuite beforesuite" time="0.0">
    <ignored/>
  </testcase> <!-- @BeforeSuite beforesuite -->
  <testcase classname="com.sdet32l1.genericcentre.Baseclass" name="@BeforeSuite beforesuite" time="0.0">
    <ignored/>
  </testcase> <!-- @BeforeSuite beforesuite -->
</testsuite> <!-- chrome -->
