<?xml version="1.0" encoding="UTF-8"?>
<!-- Generated by org.testng.reporters.JUnitXMLReporter -->
<testsuite ignored="14" hostname="Mypc-PC" failures="0" tests="8" name="firefox" time="243.257" errors="0" timestamp="2022-05-20T15:16:02 IST">
  <testcase classname="com.vtiger.contactTest.CreateContactWithorgTest" name="createContactWithorgTest" time="21.78"/>
  <testcase classname="com.vtiger.productTest.CreatProductTest" name="creatProductTest" time="13.205"/>
  <testcase classname="com.vtiger.campaignTest.CreateCampaignTest" name="createCampaignTest" time="12.79"/>
  <testcase classname="com.vtiger.campaignTest.CreateCampaignwithProductTest" name="fetchDataFromPropertiesMoreCampaign" time="22.355"/>
  <testcase classname="com.vtiger.contactTest.CreateContactTest" name="createContactTest" time="13.217"/>
  <testcase classname="com.vtiger.documentTest.CreateDocumentTest" name="createDocumentTest" time="13.06"/>
  <testcase classname="com.vtiger.organizationTest.CreateOrganizationTest" name="createorganizationTest" time="11.963"/>
  <testcase classname="com.vtiger.organizationTest.CreateOrganizationWithIndustry" name="createorganizationwithIndustry" time="13.079"/>
  <testcase classname="com.sdet32l1.genericcentre.Baseclass" name="@AfterSuite aftersuite" time="0.0">
    <ignored/>
  </testcase> <!-- @AfterSuite aftersuite -->
  <testcase classname="com.sdet32l1.genericcentre.Baseclass" name="@AfterSuite aftersuite" time="0.0">
    <ignored/>
  </testcase> <!-- @AfterSuite aftersuite -->
  <testcase classname="com.sdet32l1.genericcentre.Baseclass" name="@AfterSuite aftersuite" time="0.0">
    <ignored/>
  </testcase> <!-- @AfterSuite aftersuite -->
  <testcase classname="com.sdet32l1.genericcentre.Baseclass" name="@AfterSuite aftersuite" time="0.0">
    <ignored/>
  </testcase> <!-- @AfterSuite aftersuite -->
  <testcase classname="com.sdet32l1.genericcentre.Baseclass" name="@AfterSuite aftersuite" time="0.0">
    <ignored/>
  </testcase> <!-- @AfterSuite aftersuite -->
  <testcase classname="com.sdet32l1.genericcentre.Baseclass" name="@AfterSuite aftersuite" time="0.0">
    <ignored/>
  </testcase> <!-- @AfterSuite aftersuite -->
  <testcase classname="com.sdet32l1.genericcentre.Baseclass" name="@AfterSuite aftersuite" time="0.0">
    <ignored/>
  </testcase> <!-- @AfterSuite aftersuite -->
  <testcase classname="com.sdet32l1.genericcentre.Baseclass" name="@BeforeSuite beforesuite" time="0.0">
    <ignored/>
  </testcase> <!-- @BeforeSuite beforesuite -->
  <testcase classname="com.sdet32l1.genericcentre.Baseclass" name="@BeforeSuite beforesuite" time="0.0">
    <ignored/>
  </testcase> <!-- @BeforeSuite beforesuite -->
  <testcase classname="com.sdet32l1.genericcentre.Baseclass" name="@BeforeSuite beforesuite" time="0.0">
    <ignored/>
  </testcase> <!-- @BeforeSuite beforesuite -->
  <testcase classname="com.sdet32l1.genericcentre.Baseclass" name="@BeforeSuite beforesuite" time="0.0">
    <ignored/>
  </testcase> <!-- @BeforeSuite beforesuite -->
  <testcase classname="com.sdet32l1.genericcentre.Baseclass" name="@BeforeSuite beforesuite" time="0.0">
    <ignored/>
  </testcase> <!-- @BeforeSuite beforesuite -->
  <testcase classname="com.sdet32l1.genericcentre.Baseclass" name="@BeforeSuite beforesuite" time="0.0">
    <ignored/>
  </testcase> <!-- @BeforeSuite beforesuite -->
  <testcase classname="com.sdet32l1.genericcentre.Baseclass" name="@BeforeSuite beforesuite" time="0.0">
    <ignored/>
  </testcase> <!-- @BeforeSuite beforesuite -->
</testsuite> <!-- firefox -->
