<?xml version="1.0" encoding="UTF-8"?>
<!-- Generated by org.testng.reporters.JUnitXMLReporter -->
<testsuite hostname="Mypc-PC" ignored="2" name="Test" tests="2" failures="0" timestamp="27 May 2022 04:43:40 GMT" time="38.156" errors="0">
  <testcase name="createCampaignTest" time="6.502" classname="com.vtiger.campaignTest.CreateCampaignTest"/>
  <testcase name="fetchDataFromPropertiesMoreCampaign" time="13.392" classname="com.vtiger.campaignTest.CreateCampaignwithProductTest"/>
  <testcase name="@BeforeSuite beforesuite" time="0.0" classname="com.sdet32l1.genericcentre.Baseclass">
    <ignored/>
  </testcase> <!-- @BeforeSuite beforesuite -->
  <testcase name="@AfterSuite aftersuite" time="0.0" classname="com.sdet32l1.genericcentre.Baseclass">
    <ignored/>
  </testcase> <!-- @AfterSuite aftersuite -->
</testsuite> <!-- Test -->
